C:\SCHOOL WORK\C++\CSC190CHRISTIANLANG\GAMESKELETON\GAMESKELETON\TWODCALCULATOR\DEBUG\OBJ\ENTRYPOINT.OBJ
C:\SCHOOL WORK\C++\CSC190CHRISTIANLANG\GAMESKELETON\GAMESKELETON\TWODCALCULATOR\DEBUG\OBJ\VC110.PDB
C:\SCHOOL WORK\C++\CSC190CHRISTIANLANG\GAMESKELETON\GAMESKELETON\TWODCALCULATOR\DEBUG\TWODCALCULATOR.ILK
C:\SCHOOL WORK\C++\CSC190CHRISTIANLANG\GAMESKELETON\GAMESKELETON\TWODCALCULATOR\DEBUG\TWODCALCULATOR.EXE
C:\SCHOOL WORK\C++\CSC190CHRISTIANLANG\GAMESKELETON\GAMESKELETON\TWODCALCULATOR\DEBUG\TWODCALCULATOR.PDB
C:\School Work\C++\csc190ChristianLang\GameSkeleton\GameSkeleton\TwoDCalculator\Debug\TwoDCalculator.lib
C:\School Work\C++\csc190ChristianLang\GameSkeleton\GameSkeleton\TwoDCalculator\Debug\TwoDCalculator.exp
C:\School Work\C++\csc190ChristianLang\GameSkeleton\GameSkeleton\TwoDCalculator\Debug\obj\EntryPoint.obj
C:\School Work\C++\csc190ChristianLang\GameSkeleton\GameSkeleton\TwoDCalculator\Debug\obj\cl.command.1.tlog
C:\School Work\C++\csc190ChristianLang\GameSkeleton\GameSkeleton\TwoDCalculator\Debug\obj\CL.read.1.tlog
C:\School Work\C++\csc190ChristianLang\GameSkeleton\GameSkeleton\TwoDCalculator\Debug\obj\CL.write.1.tlog
C:\School Work\C++\csc190ChristianLang\GameSkeleton\GameSkeleton\TwoDCalculator\Debug\obj\link-cvtres.read.1.tlog
C:\School Work\C++\csc190ChristianLang\GameSkeleton\GameSkeleton\TwoDCalculator\Debug\obj\link-cvtres.write.1.tlog
C:\School Work\C++\csc190ChristianLang\GameSkeleton\GameSkeleton\TwoDCalculator\Debug\obj\link-rc.read.1.tlog
C:\School Work\C++\csc190ChristianLang\GameSkeleton\GameSkeleton\TwoDCalculator\Debug\obj\link-rc.write.1.tlog
C:\School Work\C++\csc190ChristianLang\GameSkeleton\GameSkeleton\TwoDCalculator\Debug\obj\link.1844-cvtres.read.1.tlog
C:\School Work\C++\csc190ChristianLang\GameSkeleton\GameSkeleton\TwoDCalculator\Debug\obj\link.1844-cvtres.write.1.tlog
C:\School Work\C++\csc190ChristianLang\GameSkeleton\GameSkeleton\TwoDCalculator\Debug\obj\link.1844-rc.read.1.tlog
C:\School Work\C++\csc190ChristianLang\GameSkeleton\GameSkeleton\TwoDCalculator\Debug\obj\link.1844-rc.write.1.tlog
C:\School Work\C++\csc190ChristianLang\GameSkeleton\GameSkeleton\TwoDCalculator\Debug\obj\link.1844.read.1.tlog
C:\School Work\C++\csc190ChristianLang\GameSkeleton\GameSkeleton\TwoDCalculator\Debug\obj\link.1844.write.1.tlog
C:\School Work\C++\csc190ChristianLang\GameSkeleton\GameSkeleton\TwoDCalculator\Debug\obj\link.7120-cvtres.read.1.tlog
C:\School Work\C++\csc190ChristianLang\GameSkeleton\GameSkeleton\TwoDCalculator\Debug\obj\link.7120-cvtres.write.1.tlog
C:\School Work\C++\csc190ChristianLang\GameSkeleton\GameSkeleton\TwoDCalculator\Debug\obj\link.7120-rc.read.1.tlog
C:\School Work\C++\csc190ChristianLang\GameSkeleton\GameSkeleton\TwoDCalculator\Debug\obj\link.7120-rc.write.1.tlog
C:\School Work\C++\csc190ChristianLang\GameSkeleton\GameSkeleton\TwoDCalculator\Debug\obj\link.7120.read.1.tlog
C:\School Work\C++\csc190ChristianLang\GameSkeleton\GameSkeleton\TwoDCalculator\Debug\obj\link.7120.write.1.tlog
C:\School Work\C++\csc190ChristianLang\GameSkeleton\GameSkeleton\TwoDCalculator\Debug\obj\link.command.1.tlog
C:\School Work\C++\csc190ChristianLang\GameSkeleton\GameSkeleton\TwoDCalculator\Debug\obj\link.read.1.tlog
C:\School Work\C++\csc190ChristianLang\GameSkeleton\GameSkeleton\TwoDCalculator\Debug\obj\link.write.1.tlog
C:\School Work\C++\csc190ChristianLang\GameSkeleton\GameSkeleton\TwoDCalculator\Debug\obj\TwoDCalculator.write.1.tlog
C:\School Work\C++\csc190ChristianLang\GameSkeleton\GameSkeleton\TwoDCalculator\Debug\obj\vc110.idb
C:\School Work\C++\csc190ChristianLang\GameSkeleton\GameSkeleton\TwoDCalculator\Debug\obj\vc110.pdb
C:\School Work\C++\csc190ChristianLang\GameSkeleton\GameSkeleton\TwoDCalculator\Debug\TwoDCalculator.pdb
C:\School Work\C++\csc190ChristianLang\GameSkeleton\GameSkeleton\TwoDCalculator\Debug\TwoDCalculator.exe
C:\School Work\C++\csc190ChristianLang\GameSkeleton\GameSkeleton\TwoDCalculator\Debug\TwoDCalculator.ilk
